d:\program\vcprojext\fluidsimulation\v1.0\learningopengl\x64\debug\vc142.pdb
d:\program\vcprojext\fluidsimulation\v1.0\learningopengl\x64\debug\vc142.idb
d:\program\vcprojext\fluidsimulation\v1.0\learningopengl\x64\debug\glad.obj
d:\program\vcprojext\fluidsimulation\v1.0\learningopengl\x64\debug\pointbuffer.obj
d:\program\vcprojext\fluidsimulation\v1.0\learningopengl\x64\debug\neighbortable.obj
d:\program\vcprojext\fluidsimulation\v1.0\learningopengl\x64\debug\materal.obj
d:\program\vcprojext\fluidsimulation\v1.0\learningopengl\x64\debug\marchingcubes.obj
d:\program\vcprojext\fluidsimulation\v1.0\learningopengl\x64\debug\main.obj
d:\program\vcprojext\fluidsimulation\v1.0\learningopengl\x64\debug\grid.obj
d:\program\vcprojext\fluidsimulation\v1.0\learningopengl\x64\debug\fluidsystem.obj
d:\program\vcprojext\fluidsimulation\v1.0\x64\debug\fluidsimulation.exe
d:\program\vcprojext\fluidsimulation\v1.0\x64\debug\fluidsimulation.ilk
d:\program\vcprojext\fluidsimulation\v1.0\x64\debug\fluidsimulation.pdb
d:\program\vcprojext\fluidsimulation\v1.0\learningopengl\x64\debug\mcrxface.obj
d:\program\vcprojext\fluidsimulation\v1.0\learningopengl\x64\debug\fluidsimulation.tlog\cl.command.1.tlog
d:\program\vcprojext\fluidsimulation\v1.0\learningopengl\x64\debug\fluidsimulation.tlog\cl.read.1.tlog
d:\program\vcprojext\fluidsimulation\v1.0\learningopengl\x64\debug\fluidsimulation.tlog\cl.write.1.tlog
d:\program\vcprojext\fluidsimulation\v1.0\learningopengl\x64\debug\fluidsimulation.tlog\link.command.1.tlog
d:\program\vcprojext\fluidsimulation\v1.0\learningopengl\x64\debug\fluidsimulation.tlog\link.read.1.tlog
d:\program\vcprojext\fluidsimulation\v1.0\learningopengl\x64\debug\fluidsimulation.tlog\link.write.1.tlog
