  Main.cpp
D:\program\vcProjext\FluidSimulation\v1.1\LearningOpenGL\Materal.h(25,37): warning C4244: “=”: 从“double”转换到“float”，可能丢失数据
D:\program\vcProjext\FluidSimulation\v1.1\LearningOpenGL\Materal.h(35,21): warning C4244: “初始化”: 从“double”转换到“float”，可能丢失数据
D:\program\vcProjext\FluidSimulation\v1.1\LearningOpenGL\Main.cpp(126,39): warning C4305: “参数”: 从“double”到“GLfloat”截断
D:\program\vcProjext\FluidSimulation\v1.1\LearningOpenGL\Main.cpp(128,39): warning C4305: “参数”: 从“double”到“GLfloat”截断
D:\program\vcProjext\FluidSimulation\v1.1\LearningOpenGL\Main.cpp(221,31): warning C4018: “<”: 有符号/无符号不匹配
D:\program\vcProjext\FluidSimulation\v1.1\LearningOpenGL\Main.cpp(259,30): warning C4244: “初始化”: 从“double”转换到“GLfloat”，可能丢失数据
D:\program\vcProjext\FluidSimulation\v1.1\LearningOpenGL\Main.cpp(362,17): warning C4244: “=”: 从“double”转换到“GLfloat”，可能丢失数据
D:\program\vcProjext\FluidSimulation\v1.1\LearningOpenGL\Main.cpp(363,17): warning C4244: “=”: 从“double”转换到“GLfloat”，可能丢失数据
D:\program\vcProjext\FluidSimulation\v1.1\LearningOpenGL\Main.cpp(367,21): warning C4244: “初始化”: 从“double”转换到“GLfloat”，可能丢失数据
D:\program\vcProjext\FluidSimulation\v1.1\LearningOpenGL\Main.cpp(368,21): warning C4244: “初始化”: 从“double”转换到“GLfloat”，可能丢失数据
D:\program\vcProjext\FluidSimulation\v1.1\LearningOpenGL\Main.cpp(370,13): warning C4244: “=”: 从“double”转换到“GLfloat”，可能丢失数据
D:\program\vcProjext\FluidSimulation\v1.1\LearningOpenGL\Main.cpp(371,13): warning C4244: “=”: 从“double”转换到“GLfloat”，可能丢失数据
D:\program\vcProjext\FluidSimulation\v1.1\LearningOpenGL\Main.cpp(378,31): warning C4244: “参数”: 从“double”转换到“GLfloat”，可能丢失数据
  正在生成代码
  1 of 521 functions ( 0.2%) were compiled, the rest were copied from previous compilation.
    0 functions were new in current compilation
    1 functions had inline decision re-evaluated but remain unchanged
  已完成代码的生成
  LearningOpenGL.vcxproj -> D:\program\vcProjext\FluidSimulation\v1.1\x64\Release\FluidSimulation.exe
